<?xml version="1.0" encoding="UTF-8"?>
<!-- Generated by org.testng.reporters.JUnitXMLReporter -->
<testsuite hostname="admin-PC" ignored="2" name="FundRisingapplication test" tests="2" failures="2" timestamp="25 May 2019 12:08:52 GMT" time="1.91" errors="0">
  <testcase name="Title" time="1.506" classname="com.Wonderwe.TestCases.TC_001_HomePage">
    <failure type="java.lang.AssertionError" message="element not visible
  (Session info: chrome=74.0.3729.169)
  (Driver info: chromedriver=2.35.528161 (5b82f2d2aae0ca24b877009200ced9065a772e73),platform=Windows NT 6.1.7601 SP1 x86_64) (WARNING: The server did not provide any stacktrace information)
Command duration or timeout: 30 milliseconds
Build info: version: &amp;apos;3.4.0&amp;apos;, revision: &amp;apos;unknown&amp;apos;, time: &amp;apos;unknown&amp;apos;
System info: host: &amp;apos;ADMIN-PC&amp;apos;, ip: &amp;apos;192.168.43.22&amp;apos;, os.name: &amp;apos;Windows 7&amp;apos;, os.arch: &amp;apos;amd64&amp;apos;, os.version: &amp;apos;6.1&amp;apos;, java.version: &amp;apos;1.8.0_211&amp;apos;
Driver info: org.openqa.selenium.chrome.ChromeDriver
Capabilities [{applicationCacheEnabled=false, rotatable=false, mobileEmulationEnabled=false, networkConnectionEnabled=false, chrome={chromedriverVersion=2.35.528161 (5b82f2d2aae0ca24b877009200ced9065a772e73), userDataDir=C:\Users\admin\AppData\Local\Temp\scoped_dir3404_6065}, takesHeapSnapshot=true, pageLoadStrategy=normal, databaseEnabled=false, handlesAlerts=true, hasTouchScreen=false, version=74.0.3729.169, platform=XP, browserConnectionEnabled=false, nativeEvents=true, acceptSslCerts=false, acceptInsecureCerts=false, locationContextEnabled=true, webStorageEnabled=true, browserName=chrome, takesScreenshot=true, javascriptEnabled=true, cssSelectorsEnabled=true, setWindowRect=true, unexpectedAlertBehaviour=}]
Session ID: a3e00d11957ae47d3a4d2f64cf89a5ff">
      <![CDATA[java.lang.AssertionError: element not visible
  (Session info: chrome=74.0.3729.169)
  (Driver info: chromedriver=2.35.528161 (5b82f2d2aae0ca24b877009200ced9065a772e73),platform=Windows NT 6.1.7601 SP1 x86_64) (WARNING: The server did not provide any stacktrace information)
Command duration or timeout: 30 milliseconds
Build info: version: '3.4.0', revision: 'unknown', time: 'unknown'
System info: host: 'ADMIN-PC', ip: '192.168.43.22', os.name: 'Windows 7', os.arch: 'amd64', os.version: '6.1', java.version: '1.8.0_211'
Driver info: org.openqa.selenium.chrome.ChromeDriver
Capabilities [{applicationCacheEnabled=false, rotatable=false, mobileEmulationEnabled=false, networkConnectionEnabled=false, chrome={chromedriverVersion=2.35.528161 (5b82f2d2aae0ca24b877009200ced9065a772e73), userDataDir=C:\Users\admin\AppData\Local\Temp\scoped_dir3404_6065}, takesHeapSnapshot=true, pageLoadStrategy=normal, databaseEnabled=false, handlesAlerts=true, hasTouchScreen=false, version=74.0.3729.169, platform=XP, browserConnectionEnabled=false, nativeEvents=true, acceptSslCerts=false, acceptInsecureCerts=false, locationContextEnabled=true, webStorageEnabled=true, browserName=chrome, takesScreenshot=true, javascriptEnabled=true, cssSelectorsEnabled=true, setWindowRect=true, unexpectedAlertBehaviour=}]
Session ID: a3e00d11957ae47d3a4d2f64cf89a5ff
	at com.Wonderwe.TestCases.TC_001_HomePage.Title(TC_001_HomePage.java:45)
... Removed 26 stack frames]]>
    </failure>
  </testcase> <!-- Title -->
  <testcase name="Animal_Nature" time="0.0" classname="com.Wonderwe.TestCases.TC_002_AnimalsFunds">
    <failure type="java.lang.NullPointerException">
      <![CDATA[java.lang.NullPointerException
	at com.Wonderwe.TestCases.BaseClass.capturescreen(BaseClass.java:59)
	at com.Wonderwe.TestCases.TC_002_AnimalsFunds.Animal_Nature(TC_002_AnimalsFunds.java:40)
... Removed 25 stack frames]]>
    </failure>
  </testcase> <!-- Animal_Nature -->
  <testcase name="@BeforeSuite SetUp" time="0.0" classname="com.Wonderwe.TestCases.BaseClass">
    <ignored/>
  </testcase> <!-- @BeforeSuite SetUp -->
  <testcase name="@AfterSuite Close" time="0.0" classname="com.Wonderwe.TestCases.BaseClass">
    <ignored/>
  </testcase> <!-- @AfterSuite Close -->
</testsuite> <!-- FundRisingapplication test -->
